e:\hex\src\github\exercise_cpp\mfc\app1\debug\app1.pch
e:\hex\src\github\exercise_cpp\mfc\app1\debug\vc120.pdb
e:\hex\src\github\exercise_cpp\mfc\app1\debug\vc120.idb
e:\hex\src\github\exercise_cpp\mfc\app1\debug\stdafx.obj
e:\hex\src\github\exercise_cpp\mfc\app1\debug\app1.obj
e:\hex\src\github\exercise_cpp\mfc\app1\debug\app1doc.obj
e:\hex\src\github\exercise_cpp\mfc\app1\debug\app1view.obj
e:\hex\src\github\exercise_cpp\mfc\app1\debug\childfrm.obj
e:\hex\src\github\exercise_cpp\mfc\app1\debug\classview.obj
e:\hex\src\github\exercise_cpp\mfc\app1\debug\fileview.obj
e:\hex\src\github\exercise_cpp\mfc\app1\debug\mainfrm.obj
e:\hex\src\github\exercise_cpp\mfc\app1\debug\outputwnd.obj
e:\hex\src\github\exercise_cpp\mfc\app1\debug\propertieswnd.obj
e:\hex\src\github\exercise_cpp\mfc\app1\debug\viewtree.obj
e:\hex\src\github\exercise_cpp\mfc\app1\debug\app1.ilk
e:\hex\src\github\exercise_cpp\mfc\app1\debug\app1.exe
e:\hex\src\github\exercise_cpp\mfc\app1\debug\app1.pdb
e:\hex\src\github\exercise_cpp\mfc\app1\debug\app1.res
e:\hex\src\github\exercise_cpp\mfc\app1\debug\app1.tlog\cl.command.1.tlog
e:\hex\src\github\exercise_cpp\mfc\app1\debug\app1.tlog\cl.read.1.tlog
e:\hex\src\github\exercise_cpp\mfc\app1\debug\app1.tlog\cl.write.1.tlog
e:\hex\src\github\exercise_cpp\mfc\app1\debug\app1.tlog\link.command.1.tlog
e:\hex\src\github\exercise_cpp\mfc\app1\debug\app1.tlog\link.read.1.tlog
e:\hex\src\github\exercise_cpp\mfc\app1\debug\app1.tlog\link.write.1.tlog
e:\hex\src\github\exercise_cpp\mfc\app1\debug\app1.tlog\rc.command.1.tlog
e:\hex\src\github\exercise_cpp\mfc\app1\debug\app1.tlog\rc.read.1.tlog
e:\hex\src\github\exercise_cpp\mfc\app1\debug\app1.tlog\rc.write.1.tlog
